<?xml version="1.0" encoding="UTF-8"?>
<!-- Generated by org.testng.reporters.JUnitXMLReporter -->
<testsuite ignored="3" hostname="DESKTOP-5TCP881" failures="0" tests="5" name="Test" time="16.255" errors="0" timestamp="2024-01-10T20:18:39 IST">
  <testcase classname="LoginPage.LoginPageTest" name="validateTitle" time="0.048"/>
  <testcase classname="LoginPage.LoginPageTest" name="validateLoginPage" time="0.832"/>
  <testcase classname="HomePage.HomePageTest" name="validateProductList" time="0.821"/>
  <testcase classname="HomePage.HomePageTest" name="validateProductAndtheirPrice" time="0.372"/>
  <testcase classname="HomePage.HomePageTest" name="validateFilterOption2" time="3.619"/>
  <testcase classname="HomePage.HomePageTest" name="validateAddtoCart" time="0.0">
    <ignored/>
  </testcase> <!-- validateAddtoCart -->
  <testcase classname="HomePage.HomePageTest" name="validateFilterOption3" time="0.0">
    <ignored/>
  </testcase> <!-- validateFilterOption3 -->
  <testcase classname="HomePage.HomePageTest" name="validateShoppingCart" time="0.0">
    <ignored/>
  </testcase> <!-- validateShoppingCart -->
</testsuite> <!-- Test -->
