<?xml version="1.0" encoding="UTF-8"?>
<!-- Generated by org.testng.reporters.JUnitXMLReporter -->
<testsuite ignored="1" hostname="DESKTOP-5TCP881" failures="0" tests="5" name="Test" time="33.29" errors="0" timestamp="2024-01-07T12:37:49 IST">
  <testcase classname="HomePage.HomePageTest" name="validateProductList" time="0.201"/>
  <testcase classname="HomePage.HomePageTest" name="validateProductAndtheirPrice" time="0.422"/>
  <testcase classname="HomePage.HomePageTest" name="validateFilterOption2" time="1.584"/>
  <testcase classname="LoginPage.LoginPageTest" name="validateTitle" time="0.027"/>
  <testcase classname="LoginPage.LoginPageTest" name="validateLoginPage" time="0.773"/>
  <testcase classname="HomePage.HomePageTest" name="validateFilterOption3" time="0.0">
    <ignored/>
  </testcase> <!-- validateFilterOption3 -->
</testsuite> <!-- Test -->
