<?xml version="1.0" encoding="UTF-8"?>
<!-- Generated by org.testng.reporters.JUnitXMLReporter -->
<testsuite ignored="2" hostname="DESKTOP-5TCP881" failures="0" tests="4" name="Default test" time="15.0" errors="0" timestamp="2024-01-16T19:43:33 IST">
  <testcase classname="HomePage.HomePageTest" name="validateProductList" time="0.455"/>
  <testcase classname="HomePage.HomePageTest" name="validateProductAndtheirPrice" time="0.374"/>
  <testcase classname="HomePage.HomePageTest" name="validateAddtoCart" time="4.703"/>
  <testcase classname="HomePage.HomePageTest" name="validateShoppingList" time="0.926"/>
  <testcase classname="HomePage.HomePageTest" name="validateFilterOption3" time="0.0">
    <ignored/>
  </testcase> <!-- validateFilterOption3 -->
  <testcase classname="HomePage.HomePageTest" name="validateFilterOption2" time="0.0">
    <ignored/>
  </testcase> <!-- validateFilterOption2 -->
</testsuite> <!-- Default test -->
