<?xml version="1.0" encoding="UTF-8"?>
<testng-results ignored="1" total="4" passed="3" failed="0" skipped="0">
  <reporter-output>
  </reporter-output>
  <suite started-at="2024-01-07T12:30:43 IST" name="Default suite" finished-at="2024-01-07T12:31:03 IST" duration-ms="19748">
    <groups>
    </groups>
    <test started-at="2024-01-07T12:30:43 IST" name="Default test" finished-at="2024-01-07T12:31:03 IST" duration-ms="19748">
      <class name="HomePage.HomePageTest">
        <test-method is-config="true" signature="initialize()[pri:0, instance:HomePage.HomePageTest@1afd44cb]" started-at="2024-01-07T12:30:43 IST" name="initialize" finished-at="2024-01-07T12:30:58 IST" duration-ms="14528" status="PASS">
          <reporter-output>
          </reporter-output>
        </test-method> <!-- initialize -->
        <test-method signature="validateProductList()[pri:0, instance:HomePage.HomePageTest@1afd44cb]" started-at="2024-01-07T12:30:58 IST" name="validateProductList" finished-at="2024-01-07T12:30:58 IST" duration-ms="525" status="PASS">
          <reporter-output>
          </reporter-output>
        </test-method> <!-- validateProductList -->
        <test-method signature="validateProductAndtheirPrice()[pri:1, instance:HomePage.HomePageTest@1afd44cb]" started-at="2024-01-07T12:30:58 IST" name="validateProductAndtheirPrice" finished-at="2024-01-07T12:30:59 IST" duration-ms="374" status="PASS">
          <reporter-output>
          </reporter-output>
        </test-method> <!-- validateProductAndtheirPrice -->
        <test-method signature="validateFilterOption2()[pri:2, instance:HomePage.HomePageTest@1afd44cb]" started-at="2024-01-07T12:30:59 IST" name="validateFilterOption2" finished-at="2024-01-07T12:31:00 IST" duration-ms="1693" status="PASS">
          <reporter-output>
          </reporter-output>
        </test-method> <!-- validateFilterOption2 -->
        <test-method is-config="true" signature="browserCloser()[pri:0, instance:HomePage.HomePageTest@1afd44cb]" started-at="2024-01-07T12:31:00 IST" name="browserCloser" finished-at="2024-01-07T12:31:03 IST" duration-ms="2505" status="PASS">
          <reporter-output>
          </reporter-output>
        </test-method> <!-- browserCloser -->
      </class> <!-- HomePage.HomePageTest -->
    </test> <!-- Default test -->
  </suite> <!-- Default suite -->
</testng-results>
