<?xml version="1.0" encoding="UTF-8"?>
<testng-results ignored="0" total="2" passed="2" failed="0" skipped="0">
  <reporter-output>
  </reporter-output>
  <suite started-at="2024-01-09T21:10:10 IST" name="Default suite" finished-at="2024-01-09T21:10:26 IST" duration-ms="16126">
    <groups>
    </groups>
    <test started-at="2024-01-09T21:10:10 IST" name="Default test" finished-at="2024-01-09T21:10:26 IST" duration-ms="16126">
      <class name="LoginPage.LoginPageTest">
        <test-method is-config="true" signature="initialize()[pri:0, instance:LoginPage.LoginPageTest@32eff876]" started-at="2024-01-09T21:10:10 IST" name="initialize" finished-at="2024-01-09T21:10:23 IST" duration-ms="12806" status="PASS">
          <reporter-output>
          </reporter-output>
        </test-method> <!-- initialize -->
        <test-method signature="validateTitle()[pri:0, instance:LoginPage.LoginPageTest@32eff876]" started-at="2024-01-09T21:10:23 IST" name="validateTitle" finished-at="2024-01-09T21:10:23 IST" duration-ms="77" status="PASS">
          <reporter-output>
          </reporter-output>
        </test-method> <!-- validateTitle -->
        <test-method signature="validateLoginPage()[pri:1, instance:LoginPage.LoginPageTest@32eff876]" started-at="2024-01-09T21:10:23 IST" name="validateLoginPage" finished-at="2024-01-09T21:10:25 IST" duration-ms="2569" status="PASS">
          <reporter-output>
          </reporter-output>
        </test-method> <!-- validateLoginPage -->
        <test-method is-config="true" signature="browserCloser()[pri:0, instance:LoginPage.LoginPageTest@32eff876]" started-at="2024-01-09T21:10:25 IST" name="browserCloser" finished-at="2024-01-09T21:10:26 IST" duration-ms="542" status="PASS">
          <reporter-output>
          </reporter-output>
        </test-method> <!-- browserCloser -->
      </class> <!-- LoginPage.LoginPageTest -->
    </test> <!-- Default test -->
  </suite> <!-- Default suite -->
</testng-results>
